<?xml version="1.0" encoding="UTF-8"?>
<!-- Generated by org.testng.reporters.JUnitReportReporter -->
<testsuite hostname="YY524559" failures="0" tests="3" name="com.examples.LoginTest" time="0.008" errors="0" timestamp="2020-04-13T19:54:53 IST" skipped="0">
  <testcase classname="com.examples.LoginTest" name="testDifferent" time="0.000"/>
  <testcase classname="com.examples.LoginTest" name="testDifferent" time="0.000"/>
  <testcase classname="com.examples.LoginTest" name="testDifferent" time="0.008"/>
</testsuite> <!-- com.examples.LoginTest -->
