<?xml version="1.0" encoding="UTF-8"?>
<!-- Generated by org.testng.reporters.JUnitReportReporter -->
<testsuite hostname="YY524559" failures="0" tests="2" name="com.testListeners.Login" time="0.011" errors="0" timestamp="2020-04-16T13:20:10 IST" skipped="0">
  <testcase classname="com.testListeners.Login" name="tesEmail" time="0.010"/>
  <testcase classname="com.testListeners.Login" name="tesLogin" time="0.001"/>
</testsuite> <!-- com.testListeners.Login -->
