<?xml version="1.0" encoding="UTF-8"?>
<!-- Generated by org.testng.reporters.JUnitReportReporter -->
<testsuite hostname="YY524559" failures="0" tests="3" name="com.examples.LoginTest" time="0.040" errors="0" timestamp="2020-04-14T19:20:27 IST" skipped="0">
  <testcase classname="com.examples.LoginTest" name="testDifferent" time="0.020"/>
  <testcase classname="com.examples.LoginTest" name="testDifferent" time="0.010"/>
  <testcase classname="com.examples.LoginTest" name="testDifferent" time="0.010"/>
</testsuite> <!-- com.examples.LoginTest -->
