<?xml version="1.0" encoding="UTF-8"?>
<!-- Generated by org.testng.reporters.JUnitReportReporter -->
<testsuite hostname="YY524559" failures="0" tests="4" name="com.examples.AddUsers" time="0.020" errors="0" timestamp="2020-04-14T13:35:37 IST" skipped="0">
  <testcase classname="com.examples.AddUsers" name="addUserDetails" time="0.001"/>
  <testcase classname="com.examples.AddUsers" name="addPersonalDetails" time="0.016"/>
  <testcase classname="com.examples.AddUsers" name="addUserDetails" time="0.001"/>
  <testcase classname="com.examples.AddUsers" name="addUserDetails" time="0.002"/>
</testsuite> <!-- com.examples.AddUsers -->
